<?xml version="1.0" encoding="UTF-8"?>
<testng-results ignored="0" total="3" passed="3" failed="0" skipped="0">
  <reporter-output>
  </reporter-output>
  <suite started-at="2021-02-19T09:27:09Z" name="ResponseTest" finished-at="2021-02-19T09:27:17Z" duration-ms="7424">
    <groups>
    </groups>
    <test started-at="2021-02-19T09:27:09Z" name="Command line test" finished-at="2021-02-19T09:27:17Z" duration-ms="7424">
      <class name="ResponseTest">
        <test-method is-config="true" signature="statusCodeTest()[pri:0, instance:ResponseTest@80ec1f8]" started-at="2021-02-19T09:27:09Z" name="statusCodeTest" finished-at="2021-02-19T09:27:15Z" duration-ms="6041" status="PASS">
          <reporter-output>
          </reporter-output>
        </test-method> <!-- statusCodeTest -->
        <test-method signature="sizeOfRecordsTest()[pri:0, instance:ResponseTest@80ec1f8]" started-at="2021-02-19T09:27:15Z" name="sizeOfRecordsTest" finished-at="2021-02-19T09:27:17Z" duration-ms="1203" status="PASS">
          <reporter-output>
          </reporter-output>
        </test-method> <!-- sizeOfRecordsTest -->
        <test-method signature="objectListTest()[pri:0, instance:ResponseTest@80ec1f8]" started-at="2021-02-19T09:27:17Z" name="objectListTest" finished-at="2021-02-19T09:27:17Z" depends-on-methods="ResponseTest.sizeOfRecordsTest" duration-ms="94" status="PASS">
          <reporter-output>
          </reporter-output>
        </test-method> <!-- objectListTest -->
        <test-method signature="linkContainsTest()[pri:0, instance:ResponseTest@80ec1f8]" started-at="2021-02-19T09:27:17Z" name="linkContainsTest" finished-at="2021-02-19T09:27:17Z" depends-on-methods="ResponseTest.objectListTest" duration-ms="62" status="PASS">
          <reporter-output>
          </reporter-output>
        </test-method> <!-- linkContainsTest -->
      </class> <!-- ResponseTest -->
    </test> <!-- Command line test -->
  </suite> <!-- ResponseTest -->
</testng-results>
