<?xml version="1.0" encoding="UTF-8"?>
<!-- Generated by org.testng.reporters.JUnitXMLReporter -->
<testsuite ignored="0" hostname="DESKTOP-72GA9NC" failures="0" tests="3" name="Command line test" time="7.424" errors="0" timestamp="19 февр. 2021 09:27:17 GMT">
  <testcase classname="ResponseTest" name="sizeOfRecordsTest" time="1.203"/>
  <testcase classname="ResponseTest" name="objectListTest" time="0.094"/>
  <testcase classname="ResponseTest" name="linkContainsTest" time="0.062"/>
</testsuite> <!-- Command line test -->
